<?xml version="1.0" encoding="UTF-8"?>
<!-- Generated by org.testng.reporters.JUnitXMLReporter -->
<testsuite ignored="0" hostname="Gurleen-96" failures="0" tests="2" name="Default test" time="91.729" errors="0" timestamp="2024-06-10T16:58:11 GMT-04:00">
  <testcase classname="TestNg.Maven_Project.OrderConfirmationFunctionality" name="validateAddToCart" time="38.761"/>
  <testcase classname="TestNg.Maven_Project.OrderConfirmationFunctionality" name="validateProductCheckOut" time="42.293"/>
</testsuite> <!-- Default test -->
