<?xml version="1.0" encoding="UTF-8"?>
<!-- Generated by org.testng.reporters.JUnitXMLReporter -->
<testsuite ignored="0" hostname="Gurleen-96" failures="0" tests="2" name="Default test" time="12.049" errors="0" timestamp="2024-06-03T19:03:48 GMT-04:00">
  <testcase classname="TestNg.Maven_Project.crmLoginFunctionality" name="validateLoginWithCssSelector" time="6.813"/>
  <testcase classname="TestNg.Maven_Project.crmLoginFunctionality" name="validateLoginWithXpath" time="5.201"/>
</testsuite> <!-- Default test -->
